1515572109713	geckodriver	INFO	Listening on 127.0.0.1:59389
1515572111136	geckodriver::marionette	INFO	Starting browser C:\Program Files\Mozilla Firefox\firefox.exe with args ["-marionette"]
1515572111890	Marionette	INFO	Enabled via --marionette
Unable to read VR Path Registry from C:\Users\HG_LiZhe\AppData\Local\openvr\openvrpaths.vrpath
[Child 36252, Chrome_ChildThread] WARNING: pipe error: 109: file z:/build/build/src/ipc/chromium/src/chrome/common/ipc_channel_win.cc, line 346
[Child 36252, Chrome_ChildThread] WARNING: pipe error: 109: file z:/build/build/src/ipc/chromium/src/chrome/common/ipc_channel_win.cc, line 346
1515572113321	Marionette	INFO	Listening on port 59443
1515572114292	Marionette	WARN	TLS certificate errors will be ignored for this session
1515572114338	Marionette	DEBUG	Register listener.js for window 4294967297
1515572114360	Marionette	DEBUG	Received DOM event "beforeunload" for "about:blank"
1515572114562	Marionette	DEBUG	Received DOM event "pagehide" for "about:blank"
1515572114562	Marionette	DEBUG	Received DOM event "unload" for "about:blank"
1515572116268	Marionette	DEBUG	Received DOM event "DOMContentLoaded" for "http://v.globalwits.cn/Default.aspx?do=relogin"
1515572119267	Marionette	DEBUG	Received DOM event "pageshow" for "http://v.globalwits.cn/Default.aspx?do=relogin"
Unable to read VR Path Registry from C:\Users\HG_LiZhe\AppData\Local\openvr\openvrpaths.vrpath
JavaScript error: http://v.globalwits.cn/js/display.js, line 10: TypeError: $id(...) is null
JavaScript error: http://v.globalwits.cn/js/display.js, line 10: TypeError: $id(...) is null
JavaScript error: http://v.globalwits.cn/js/display.js, line 10: TypeError: $id(...) is null
IPDL protocol error: Handler returned error code!

###!!! [Parent][DispatchAsyncMessage] Error: PAPZCTreeManager::Msg_SetTargetAPZC Processing error: message was deserialized, but the handler returned false (indicating failure)

IPDL protocol error: Handler returned error code!

###!!! [Parent][DispatchAsyncMessage] Error: PAPZCTreeManager::Msg_SetTargetAPZC Processing error: message was deserialized, but the handler returned false (indicating failure)

IPDL protocol error: Handler returned error code!

###!!! [Parent][DispatchAsyncMessage] Error: PAPZCTreeManager::Msg_SetTargetAPZC Processing error: message was deserialized, but the handler returned false (indicating failure)

Unable to read VR Path Registry from C:\Users\HG_LiZhe\AppData\Local\openvr\openvrpaths.vrpath
[Child 37024, Chrome_ChildThread] WARNING: pipe error: 109: file z:/build/build/src/ipc/chromium/src/chrome/common/ipc_channel_win.cc, line 346
[Child 37024, Chrome_ChildThread] WARNING: pipe error: 109: file z:/build/build/src/ipc/chromium/src/chrome/common/ipc_channel_win.cc, line 346
[Child 17688, Chrome_ChildThread] WARNING: pipe error: 109: file z:/build/build/src/ipc/chromium/src/chrome/common/ipc_channel_win.cc, line 346
[Child 17688, Chrome_ChildThread] WARNING: pipe error: 109: file z:/build/build/src/ipc/chromium/src/chrome/common/ipc_channel_win.cc, line 346
Unable to read VR Path Registry from C:\Users\HG_LiZhe\AppData\Local\openvr\openvrpaths.vrpath
[GPU 30452, Chrome_ChildThread] WARNING: pipe error: 109: file z:/build/build/src/ipc/chromium/src/chrome/common/ipc_channel_win.cc, line 346

###!!! [Child][MessageChannel::SendAndWait] Error: Channel error: cannot send/recv

Unable to read VR Path Registry from C:\Users\HG_LiZhe\AppData\Local\openvr\openvrpaths.vrpath
1515572861642	geckodriver	INFO	Listening on 127.0.0.1:59345
1515572863338	geckodriver::marionette	INFO	Starting browser C:\Program Files\Mozilla Firefox\firefox.exe with args ["-marionette"]
1515572863902	Marionette	INFO	Enabled via --marionette
Unable to read VR Path Registry from C:\Users\HG_LiZhe\AppData\Local\openvr\openvrpaths.vrpath
[Child 39468, Chrome_ChildThread] WARNING: pipe error: 109: file z:/build/build/src/ipc/chromium/src/chrome/common/ipc_channel_win.cc, line 346
[Child 39468, Chrome_ChildThread] WARNING: pipe error: 109: file z:/build/build/src/ipc/chromium/src/chrome/common/ipc_channel_win.cc, line 346
1515572865119	Marionette	INFO	Listening on port 59395
1515572865390	Marionette	WARN	TLS certificate errors will be ignored for this session
1515572865431	Marionette	DEBUG	Register listener.js for window 4294967297
1515572865450	Marionette	DEBUG	Received DOM event "beforeunload" for "about:blank"
1515572865567	Marionette	DEBUG	Received DOM event "pagehide" for "about:blank"
1515572865567	Marionette	DEBUG	Received DOM event "unload" for "about:blank"
1515572866831	Marionette	DEBUG	Received DOM event "DOMContentLoaded" for "http://v.globalwits.cn/Default.aspx?do=relogin"
1515572869529	Marionette	DEBUG	Received DOM event "pageshow" for "http://v.globalwits.cn/Default.aspx?do=relogin"
1515572912270	Marionette	DEBUG	Received DOM event "beforeunload" for "http://v.globalwits.cn/Main.aspx"
1515572912479	Marionette	DEBUG	Received DOM event "pagehide" for "http://v.globalwits.cn/Main.aspx"
1515572912479	Marionette	DEBUG	Received DOM event "unload" for "http://v.globalwits.cn/Main.aspx"
1515572912819	Marionette	DEBUG	Received DOM event "DOMContentLoaded" for "http://v.globalwits.cn/Main.aspx"
1515572912828	Marionette	DEBUG	Received DOM event "pageshow" for "http://v.globalwits.cn/Main.aspx"
Unable to read VR Path Registry from C:\Users\HG_LiZhe\AppData\Local\openvr\openvrpaths.vrpath
[Child 4956, Chrome_ChildThread] WARNING: pipe error: 109: file z:/build/build/src/ipc/chromium/src/chrome/common/ipc_channel_win.cc, line 346
[Child 4956, Chrome_ChildThread] WARNING: pipe error: 109: file z:/build/build/src/ipc/chromium/src/chrome/common/ipc_channel_win.cc, line 346
Unable to read VR Path Registry from C:\Users\HG_LiZhe\AppData\Local\openvr\openvrpaths.vrpath
[Child 39240, Chrome_ChildThread] WARNING: pipe error: 109: file z:/build/build/src/ipc/chromium/src/chrome/common/ipc_channel_win.cc, line 346
[Child 39240, Chrome_ChildThread] WARNING: pipe error: 109: file z:/build/build/src/ipc/chromium/src/chrome/common/ipc_channel_win.cc, line 346
Unable to read VR Path Registry from C:\Users\HG_LiZhe\AppData\Local\openvr\openvrpaths.vrpath
[GPU 1400, Chrome_ChildThread] WARNING: pipe error: 109: file z:/build/build/src/ipc/chromium/src/chrome/common/ipc_channel_win.cc, line 346

###!!! [Child][MessageChannel::SendAndWait] Error: Channel error: cannot send/recv

Unable to read VR Path Registry from C:\Users\HG_LiZhe\AppData\Local\openvr\openvrpaths.vrpath
1515572964981	geckodriver	INFO	Listening on 127.0.0.1:61540
1515572966750	geckodriver::marionette	INFO	Starting browser C:\Program Files\Mozilla Firefox\firefox.exe with args ["-marionette"]
1515572967310	Marionette	INFO	Enabled via --marionette
Unable to read VR Path Registry from C:\Users\HG_LiZhe\AppData\Local\openvr\openvrpaths.vrpath
[Child 36356, Chrome_ChildThread] WARNING: pipe error: 109: file z:/build/build/src/ipc/chromium/src/chrome/common/ipc_channel_win.cc, line 346
1515572968559	Marionette	INFO	Listening on port 61589
1515572968800	Marionette	WARN	TLS certificate errors will be ignored for this session
1515572968842	Marionette	DEBUG	Register listener.js for window 4294967297
1515572968863	Marionette	DEBUG	Received DOM event "beforeunload" for "about:blank"
1515572968985	Marionette	DEBUG	Received DOM event "pagehide" for "about:blank"
1515572968986	Marionette	DEBUG	Received DOM event "unload" for "about:blank"
1515572973048	Marionette	DEBUG	Received DOM event "DOMContentLoaded" for "http://v.globalwits.cn/Default.aspx?do=relogin"
1515572977620	Marionette	DEBUG	Received DOM event "pageshow" for "http://v.globalwits.cn/Default.aspx?do=relogin"
1515572985146	Marionette	DEBUG	Received DOM event "beforeunload" for "http://v.globalwits.cn/Main.aspx"
1515572985273	Marionette	DEBUG	Received DOM event "pagehide" for "http://v.globalwits.cn/Main.aspx"
1515572985274	Marionette	DEBUG	Received DOM event "unload" for "http://v.globalwits.cn/Main.aspx"
1515572985682	Marionette	DEBUG	Received DOM event "DOMContentLoaded" for "http://v.globalwits.cn/Main.aspx"
1515572985693	Marionette	DEBUG	Received DOM event "pageshow" for "http://v.globalwits.cn/Main.aspx"
IPDL protocol error: Handler returned error code!

###!!! [Parent][DispatchAsyncMessage] Error: PAPZCTreeManager::Msg_SetTargetAPZC Processing error: message was deserialized, but the handler returned false (indicating failure)

IPDL protocol error: Handler returned error code!

###!!! [Parent][DispatchAsyncMessage] Error: PAPZCTreeManager::Msg_SetTargetAPZC Processing error: message was deserialized, but the handler returned false (indicating failure)

IPDL protocol error: Handler returned error code!

###!!! [Parent][DispatchAsyncMessage] Error: PAPZCTreeManager::Msg_SetTargetAPZC Processing error: message was deserialized, but the handler returned false (indicating failure)

IPDL protocol error: Handler returned error code!

###!!! [Parent][DispatchAsyncMessage] Error: PAPZCTreeManager::Msg_SetTargetAPZC Processing error: message was deserialized, but the handler returned false (indicating failure)

IPDL protocol error: Handler returned error code!

###!!! [Parent][DispatchAsyncMessage] Error: PAPZCTreeManager::Msg_SetTargetAPZC Processing error: message was deserialized, but the handler returned false (indicating failure)

IPDL protocol error: Handler returned error code!

###!!! [Parent][DispatchAsyncMessage] Error: PAPZCTreeManager::Msg_SetTargetAPZC Processing error: message was deserialized, but the handler returned false (indicating failure)

IPDL protocol error: Handler returned error code!

###!!! [Parent][DispatchAsyncMessage] Error: PAPZCTreeManager::Msg_SetTargetAPZC Processing error: message was deserialized, but the handler returned false (indicating failure)

1515573657859	geckodriver	INFO	Listening on 127.0.0.1:59682
1515573659444	geckodriver::marionette	INFO	Starting browser C:\Program Files\Mozilla Firefox\firefox.exe with args ["-marionette"]
1515573659976	Marionette	INFO	Enabled via --marionette
1515573930859	geckodriver	INFO	Listening on 127.0.0.1:53249
1515573932449	geckodriver::marionette	INFO	Starting browser C:\Program Files\Mozilla Firefox\firefox.exe with args ["-marionette"]
1515573933148	Marionette	INFO	Enabled via --marionette
Unable to read VR Path Registry from C:\Users\HG_LiZhe\AppData\Local\openvr\openvrpaths.vrpath
[Child 20928, Chrome_ChildThread] WARNING: pipe error: 109: file z:/build/build/src/ipc/chromium/src/chrome/common/ipc_channel_win.cc, line 346
[Child 20928, Chrome_ChildThread] WARNING: pipe error: 109: file z:/build/build/src/ipc/chromium/src/chrome/common/ipc_channel_win.cc, line 346
1515573934540	Marionette	INFO	Listening on port 53318
1515573935586	Marionette	WARN	TLS certificate errors will be ignored for this session
1515573935629	Marionette	DEBUG	Register listener.js for window 4294967297
1515573935657	Marionette	DEBUG	Received DOM event "beforeunload" for "about:blank"
1515573935864	Marionette	DEBUG	Received DOM event "pagehide" for "about:blank"
1515573935864	Marionette	DEBUG	Received DOM event "unload" for "about:blank"
1515573938945	Marionette	DEBUG	Received DOM event "DOMContentLoaded" for "http://v.globalwits.cn/Default.aspx?do=relogin"
1515573941939	Marionette	DEBUG	Received DOM event "pageshow" for "http://v.globalwits.cn/Default.aspx?do=relogin"
1515573994217	Marionette	DEBUG	Received DOM event "beforeunload" for "http://v.globalwits.cn/Main.aspx"
1515573994485	Marionette	DEBUG	Received DOM event "pagehide" for "http://v.globalwits.cn/Main.aspx"
1515573994485	Marionette	DEBUG	Received DOM event "unload" for "http://v.globalwits.cn/Main.aspx"
1515573994903	Marionette	DEBUG	Received DOM event "DOMContentLoaded" for "http://v.globalwits.cn/Main.aspx"
1515573994911	Marionette	DEBUG	Received DOM event "pageshow" for "http://v.globalwits.cn/Main.aspx"
1515573995137	Marionette	DEBUG	Canceled page load listener because no navigation has been detected
Unable to read VR Path Registry from C:\Users\HG_LiZhe\AppData\Local\openvr\openvrpaths.vrpath
[Child 20904, Chrome_ChildThread] WARNING: pipe error: 109: file z:/build/build/src/ipc/chromium/src/chrome/common/ipc_channel_win.cc, line 346
[Child 20904, Chrome_ChildThread] WARNING: pipe error: 109: file z:/build/build/src/ipc/chromium/src/chrome/common/ipc_channel_win.cc, line 346
Unable to read VR Path Registry from C:\Users\HG_LiZhe\AppData\Local\openvr\openvrpaths.vrpath
[GPU 20828, Chrome_ChildThread] WARNING: pipe error: 109: file z:/build/build/src/ipc/chromium/src/chrome/common/ipc_channel_win.cc, line 346

###!!! [Child][MessageChannel::SendAndWait] Error: Channel error: cannot send/recv

Unable to read VR Path Registry from C:\Users\HG_LiZhe\AppData\Local\openvr\openvrpaths.vrpath
1515574200873	geckodriver	INFO	Listening on 127.0.0.1:59520
1515574202558	geckodriver::marionette	INFO	Starting browser C:\Program Files\Mozilla Firefox\firefox.exe with args ["-marionette"]
1515574203145	Marionette	INFO	Enabled via --marionette
Unable to read VR Path Registry from C:\Users\HG_LiZhe\AppData\Local\openvr\openvrpaths.vrpath
[Child 15240, Chrome_ChildThread] WARNING: pipe error: 109: file z:/build/build/src/ipc/chromium/src/chrome/common/ipc_channel_win.cc, line 346
1515574204349	Marionette	INFO	Listening on port 59569
1515574204597	Marionette	WARN	TLS certificate errors will be ignored for this session
1515574204640	Marionette	DEBUG	Register listener.js for window 4294967297
1515574204654	Marionette	DEBUG	Received DOM event "beforeunload" for "about:blank"
1515574204777	Marionette	DEBUG	Received DOM event "pagehide" for "about:blank"
1515574204777	Marionette	DEBUG	Received DOM event "unload" for "about:blank"
1515574206580	Marionette	DEBUG	Received DOM event "DOMContentLoaded" for "http://v.globalwits.cn/Default.aspx?do=relogin"
1515574209517	Marionette	DEBUG	Received DOM event "pageshow" for "http://v.globalwits.cn/Default.aspx?do=relogin"
console.warn: LoginRecipes: getRecipes: falling back to a synchronous message for: http://v.globalwits.cn
console.warn: nsLoginManager: searchLogins: `formSubmitURL` or `httpRealm` is recommended
Unable to read VR Path Registry from C:\Users\HG_LiZhe\AppData\Local\openvr\openvrpaths.vrpath
JavaScript error: http://v.globalwits.cn/js/display.js, line 10: TypeError: $id(...) is null
JavaScript error: http://v.globalwits.cn/js/display.js, line 10: TypeError: $id(...) is null
JavaScript error: http://v.globalwits.cn/js/display.js, line 10: TypeError: $id(...) is null
IPDL protocol error: Handler returned error code!

###!!! [Parent][DispatchAsyncMessage] Error: PLayerTransaction::Msg_ReleaseLayer Processing error: message was deserialized, but the handler returned false (indicating failure)

Unable to read VR Path Registry from C:\Users\HG_LiZhe\AppData\Local\openvr\openvrpaths.vrpath
[Parent 22212, Gecko_IOThread] WARNING: pipe error: 109: file z:/build/build/src/ipc/chromium/src/chrome/common/ipc_channel_win.cc, line 346
[Child 22716, Chrome_ChildThread] WARNING: pipe error: 109: file z:/build/build/src/ipc/chromium/src/chrome/common/ipc_channel_win.cc, line 346
[Child 22716, Chrome_ChildThread] WARNING: pipe error: 109: file z:/build/build/src/ipc/chromium/src/chrome/common/ipc_channel_win.cc, line 346
Unable to read VR Path Registry from C:\Users\HG_LiZhe\AppData\Local\openvr\openvrpaths.vrpath
[Child 21416, Chrome_ChildThread] WARNING: pipe error: 109: file z:/build/build/src/ipc/chromium/src/chrome/common/ipc_channel_win.cc, line 346
[Child 21416, Chrome_ChildThread] WARNING: pipe error: 109: file z:/build/build/src/ipc/chromium/src/chrome/common/ipc_channel_win.cc, line 346
Unable to read VR Path Registry from C:\Users\HG_LiZhe\AppData\Local\openvr\openvrpaths.vrpath
[GPU 16768, Chrome_ChildThread] WARNING: pipe error: 109: file z:/build/build/src/ipc/chromium/src/chrome/common/ipc_channel_win.cc, line 346

###!!! [Child][MessageChannel::SendAndWait] Error: Channel error: cannot send/recv

1515575669699	geckodriver	INFO	Listening on 127.0.0.1:59115
1515575671482	geckodriver::marionette	INFO	Starting browser C:\Program Files\Mozilla Firefox\firefox.exe with args ["-marionette"]
1515575672037	Marionette	INFO	Enabled via --marionette
Unable to read VR Path Registry from C:\Users\HG_LiZhe\AppData\Local\openvr\openvrpaths.vrpath
[Parent 24060, Gecko_IOThread] WARNING: pipe error: 109: file z:/build/build/src/ipc/chromium/src/chrome/common/ipc_channel_win.cc, line 346
Unable to read VR Path Registry from C:\Users\HG_LiZhe\AppData\Local\openvr\openvrpaths.vrpath
[Child 21032, Chrome_ChildThread] WARNING: pipe error: 109: file z:/build/build/src/ipc/chromium/src/chrome/common/ipc_channel_win.cc, line 346
1515575673310	Marionette	INFO	Listening on port 59167
1515575673561	Marionette	WARN	TLS certificate errors will be ignored for this session
1515575673605	Marionette	DEBUG	Register listener.js for window 4294967297
1515575673623	Marionette	DEBUG	Received DOM event "beforeunload" for "about:blank"
1515575673760	Marionette	DEBUG	Received DOM event "pagehide" for "about:blank"
1515575673760	Marionette	DEBUG	Received DOM event "unload" for "about:blank"
1515575674991	Marionette	DEBUG	Received DOM event "DOMContentLoaded" for "http://v.globalwits.cn/Default.aspx?do=relogin"
1515575678018	Marionette	DEBUG	Received DOM event "pageshow" for "http://v.globalwits.cn/Default.aspx?do=relogin"
[Parent 24060, Gecko_IOThread] WARNING: pipe error: 109: file z:/build/build/src/ipc/chromium/src/chrome/common/ipc_channel_win.cc, line 346
[Parent 24060, Gecko_IOThread] WARNING: pipe error: 109: file z:/build/build/src/ipc/chromium/src/chrome/common/ipc_channel_win.cc, line 346
Unable to read VR Path Registry from C:\Users\HG_LiZhe\AppData\Local\openvr\openvrpaths.vrpath
[Child 14684, Chrome_ChildThread] WARNING: pipe error: 109: file z:/build/build/src/ipc/chromium/src/chrome/common/ipc_channel_win.cc, line 346
[Child 14684, Chrome_ChildThread] WARNING: pipe error: 109: file z:/build/build/src/ipc/chromium/src/chrome/common/ipc_channel_win.cc, line 346
Unable to read VR Path Registry from C:\Users\HG_LiZhe\AppData\Local\openvr\openvrpaths.vrpath
[Child 19404, Chrome_ChildThread] WARNING: pipe error: 109: file z:/build/build/src/ipc/chromium/src/chrome/common/ipc_channel_win.cc, line 346
[Child 19404, Chrome_ChildThread] WARNING: pipe error: 109: file z:/build/build/src/ipc/chromium/src/chrome/common/ipc_channel_win.cc, line 346
Unable to read VR Path Registry from C:\Users\HG_LiZhe\AppData\Local\openvr\openvrpaths.vrpath
[GPU 14744, Chrome_ChildThread] WARNING: pipe error: 109: file z:/build/build/src/ipc/chromium/src/chrome/common/ipc_channel_win.cc, line 346

###!!! [Child][MessageChannel::SendAndWait] Error: Channel error: cannot send/recv

1515576106393	geckodriver	INFO	Listening on 127.0.0.1:52390
1515576108067	geckodriver::marionette	INFO	Starting browser C:\Program Files\Mozilla Firefox\firefox.exe with args ["-marionette"]
1515576108675	Marionette	INFO	Enabled via --marionette
Unable to read VR Path Registry from C:\Users\HG_LiZhe\AppData\Local\openvr\openvrpaths.vrpath
[Child 17672, Chrome_ChildThread] WARNING: pipe error: 109: file z:/build/build/src/ipc/chromium/src/chrome/common/ipc_channel_win.cc, line 346
1515576109915	Marionette	INFO	Listening on port 52446
1515576110120	Marionette	WARN	TLS certificate errors will be ignored for this session
1515576110164	Marionette	DEBUG	Register listener.js for window 4294967297
1515576110185	Marionette	DEBUG	Received DOM event "beforeunload" for "about:blank"
1515576110328	Marionette	DEBUG	Received DOM event "pagehide" for "about:blank"
1515576110328	Marionette	DEBUG	Received DOM event "unload" for "about:blank"
1515576112174	Marionette	DEBUG	Received DOM event "DOMContentLoaded" for "http://v.globalwits.cn/Default.aspx?do=relogin"
1515576116042	Marionette	DEBUG	Received DOM event "pageshow" for "http://v.globalwits.cn/Default.aspx?do=relogin"
Unable to read VR Path Registry from C:\Users\HG_LiZhe\AppData\Local\openvr\openvrpaths.vrpath
JavaScript error: http://v.globalwits.cn/js/display.js, line 10: TypeError: $id(...) is null
JavaScript error: http://v.globalwits.cn/js/display.js, line 10: TypeError: $id(...) is null
JavaScript error: http://v.globalwits.cn/js/display.js, line 10: TypeError: $id(...) is null
[Child 23700, Chrome_ChildThread] WARNING: pipe error: 109: file z:/build/build/src/ipc/chromium/src/chrome/common/ipc_channel_win.cc, line 346
[Child 23700, Chrome_ChildThread] WARNING: pipe error: 109: file z:/build/build/src/ipc/chromium/src/chrome/common/ipc_channel_win.cc, line 346
Unable to read VR Path Registry from C:\Users\HG_LiZhe\AppData\Local\openvr\openvrpaths.vrpath
[Child 24036, Chrome_ChildThread] WARNING: pipe error: 109: file z:/build/build/src/ipc/chromium/src/chrome/common/ipc_channel_win.cc, line 346
[Child 24036, Chrome_ChildThread] WARNING: pipe error: 109: file z:/build/build/src/ipc/chromium/src/chrome/common/ipc_channel_win.cc, line 346
Unable to read VR Path Registry from C:\Users\HG_LiZhe\AppData\Local\openvr\openvrpaths.vrpath
[GPU 21656, Chrome_ChildThread] WARNING: pipe error: 109: file z:/build/build/src/ipc/chromium/src/chrome/common/ipc_channel_win.cc, line 346

###!!! [Child][MessageChannel::SendAndWait] Error: Channel error: cannot send/recv

Unable to read VR Path Registry from C:\Users\HG_LiZhe\AppData\Local\openvr\openvrpaths.vrpath
1515576402595	geckodriver	INFO	Listening on 127.0.0.1:59219
1515576404327	geckodriver::marionette	INFO	Starting browser C:\Program Files\Mozilla Firefox\firefox.exe with args ["-marionette"]
1515576404891	Marionette	INFO	Enabled via --marionette
1515576406231	Marionette	INFO	Listening on port 59272
1515576406370	Marionette	WARN	TLS certificate errors will be ignored for this session
1515576406419	Marionette	DEBUG	Register listener.js for window 4294967297
1515576406437	Marionette	DEBUG	Received DOM event "beforeunload" for "about:blank"
1515576406585	Marionette	DEBUG	Received DOM event "pagehide" for "about:blank"
1515576406586	Marionette	DEBUG	Received DOM event "unload" for "about:blank"
1515576408620	Marionette	DEBUG	Received DOM event "DOMContentLoaded" for "http://v.globalwits.cn/Default.aspx?do=relogin"
1515576410812	Marionette	DEBUG	Received DOM event "pageshow" for "http://v.globalwits.cn/Default.aspx?do=relogin"
1515576410986	Marionette	DEBUG	Received DOM event "beforeunload" for "http://v.globalwits.cn/Default.aspx?do=relogin"
1515576411105	Marionette	DEBUG	Received DOM event "pagehide" for "http://v.globalwits.cn/Default.aspx?do=relogin"
1515576411105	Marionette	DEBUG	Received DOM event "unload" for "http://v.globalwits.cn/Default.aspx?do=relogin"
1515576411871	Marionette	DEBUG	Received DOM event "DOMContentLoaded" for "http://v.globalwits.cn/Main.aspx"
1515576412647	Marionette	DEBUG	Received DOM event "pageshow" for "http://v.globalwits.cn/Main.aspx"
1515576412872	Marionette	DEBUG	Canceled page load listener because no navigation has been detected
Unable to read VR Path Registry from C:\Users\HG_LiZhe\AppData\Local\openvr\openvrpaths.vrpath
[Parent 12368, Gecko_IOThread] WARNING: pipe error: 109: file z:/build/build/src/ipc/chromium/src/chrome/common/ipc_channel_win.cc, line 346
Unable to read VR Path Registry from C:\Users\HG_LiZhe\AppData\Local\openvr\openvrpaths.vrpath
[Child 14480, Chrome_ChildThread] WARNING: pipe error: 109: file z:/build/build/src/ipc/chromium/src/chrome/common/ipc_channel_win.cc, line 346
[Child 14480, Chrome_ChildThread] WARNING: pipe error: 109: file z:/build/build/src/ipc/chromium/src/chrome/common/ipc_channel_win.cc, line 346
Unable to read VR Path Registry from C:\Users\HG_LiZhe\AppData\Local\openvr\openvrpaths.vrpath
[Child 11336, Chrome_ChildThread] WARNING: pipe error: 109: file z:/build/build/src/ipc/chromium/src/chrome/common/ipc_channel_win.cc, line 346
[Child 11336, Chrome_ChildThread] WARNING: pipe error: 109: file z:/build/build/src/ipc/chromium/src/chrome/common/ipc_channel_win.cc, line 346

###!!! [Child][MessageChannel::SendAndWait] Error: Channel error: cannot send/recv

1515576678053	geckodriver	INFO	Listening on 127.0.0.1:65402
1515576679785	geckodriver::marionette	INFO	Starting browser C:\Program Files\Mozilla Firefox\firefox.exe with args ["-marionette"]
1515576680385	Marionette	INFO	Enabled via --marionette
Unable to read VR Path Registry from C:\Users\HG_LiZhe\AppData\Local\openvr\openvrpaths.vrpath
[Parent 25464, Gecko_IOThread] WARNING: pipe error: 109: file z:/build/build/src/ipc/chromium/src/chrome/common/ipc_channel_win.cc, line 346
Unable to read VR Path Registry from C:\Users\HG_LiZhe\AppData\Local\openvr\openvrpaths.vrpath
[Child 6740, Chrome_ChildThread] WARNING: pipe error: 109: file z:/build/build/src/ipc/chromium/src/chrome/common/ipc_channel_win.cc, line 346
[Child 6740, Chrome_ChildThread] WARNING: pipe error: 109: file z:/build/build/src/ipc/chromium/src/chrome/common/ipc_channel_win.cc, line 346
1515576681548	Marionette	INFO	Listening on port 65453
1515576681821	Marionette	WARN	TLS certificate errors will be ignored for this session
1515576681879	Marionette	DEBUG	Register listener.js for window 4294967297
1515576681891	Marionette	DEBUG	Received DOM event "beforeunload" for "about:blank"
1515576682006	Marionette	DEBUG	Received DOM event "pagehide" for "about:blank"
1515576682006	Marionette	DEBUG	Received DOM event "unload" for "about:blank"
1515576683578	Marionette	DEBUG	Received DOM event "DOMContentLoaded" for "http://v.globalwits.cn/Default.aspx?do=relogin"
1515576687062	Marionette	DEBUG	Received DOM event "pageshow" for "http://v.globalwits.cn/Default.aspx?do=relogin"
1515576687255	Marionette	DEBUG	Received DOM event "beforeunload" for "http://v.globalwits.cn/Default.aspx?do=relogin"
1515576687455	Marionette	DEBUG	Received DOM event "pagehide" for "http://v.globalwits.cn/Default.aspx?do=relogin"
1515576687455	Marionette	DEBUG	Received DOM event "unload" for "http://v.globalwits.cn/Default.aspx?do=relogin"
1515576688634	Marionette	DEBUG	Received DOM event "DOMContentLoaded" for "http://v.globalwits.cn/Main.aspx"
1515576689167	Marionette	DEBUG	Received DOM event "pageshow" for "http://v.globalwits.cn/Main.aspx"
1515576689398	Marionette	DEBUG	Canceled page load listener because no navigation has been detected
[Parent 25464, Gecko_IOThread] WARNING: pipe error: 109: file z:/build/build/src/ipc/chromium/src/chrome/common/ipc_channel_win.cc, line 346
[Parent 25464, Gecko_IOThread] WARNING: pipe error: 109: file z:/build/build/src/ipc/chromium/src/chrome/common/ipc_channel_win.cc, line 346
Unable to read VR Path Registry from C:\Users\HG_LiZhe\AppData\Local\openvr\openvrpaths.vrpath
[Child 17328, Chrome_ChildThread] WARNING: pipe error: 109: file z:/build/build/src/ipc/chromium/src/chrome/common/ipc_channel_win.cc, line 346
[Child 17328, Chrome_ChildThread] WARNING: pipe error: 109: file z:/build/build/src/ipc/chromium/src/chrome/common/ipc_channel_win.cc, line 346
Unable to read VR Path Registry from C:\Users\HG_LiZhe\AppData\Local\openvr\openvrpaths.vrpath
[Child 25016, Chrome_ChildThread] WARNING: pipe error: 109: file z:/build/build/src/ipc/chromium/src/chrome/common/ipc_channel_win.cc, line 346
[Child 25016, Chrome_ChildThread] WARNING: pipe error: 109: file z:/build/build/src/ipc/chromium/src/chrome/common/ipc_channel_win.cc, line 346
*** UTM:SVC TimerManager:registerTimer called after profile-before-change notification. Ignoring timer registration for id: telemetry_modules_ping
Unable to read VR Path Registry from C:\Users\HG_LiZhe\AppData\Local\openvr\openvrpaths.vrpath
[GPU 7728, Chrome_ChildThread] WARNING: pipe error: 109: file z:/build/build/src/ipc/chromium/src/chrome/common/ipc_channel_win.cc, line 346

###!!! [Child][MessageChannel::SendAndWait] Error: Channel error: cannot send/recv

1515576726566	geckodriver	INFO	Listening on 127.0.0.1:50175
1515576728272	geckodriver::marionette	INFO	Starting browser C:\Program Files\Mozilla Firefox\firefox.exe with args ["-marionette"]
1515576728866	Marionette	INFO	Enabled via --marionette
1515576730043	Marionette	INFO	Listening on port 50226
1515576730307	Marionette	WARN	TLS certificate errors will be ignored for this session
1515576730347	Marionette	DEBUG	Register listener.js for window 4294967297
1515576730362	Marionette	DEBUG	Received DOM event "beforeunload" for "about:blank"
1515576730450	Marionette	DEBUG	Received DOM event "pagehide" for "about:blank"
1515576730451	Marionette	DEBUG	Received DOM event "unload" for "about:blank"
1515576732207	Marionette	DEBUG	Received DOM event "DOMContentLoaded" for "http://v.globalwits.cn/Default.aspx?do=relogin"
1515576734881	Marionette	DEBUG	Received DOM event "pageshow" for "http://v.globalwits.cn/Default.aspx?do=relogin"
1515576735042	Marionette	DEBUG	Received DOM event "beforeunload" for "http://v.globalwits.cn/Default.aspx?do=relogin"
1515576735146	Marionette	DEBUG	Received DOM event "pagehide" for "http://v.globalwits.cn/Default.aspx?do=relogin"
1515576735146	Marionette	DEBUG	Received DOM event "unload" for "http://v.globalwits.cn/Default.aspx?do=relogin"
1515576735918	Marionette	DEBUG	Received DOM event "DOMContentLoaded" for "http://v.globalwits.cn/Main.aspx"
1515576736663	Marionette	DEBUG	Received DOM event "pageshow" for "http://v.globalwits.cn/Main.aspx"
1515576736893	Marionette	DEBUG	Canceled page load listener because no navigation has been detected
Unable to read VR Path Registry from C:\Users\HG_LiZhe\AppData\Local\openvr\openvrpaths.vrpath
JavaScript error: http://v.globalwits.cn/JS/jquery-easyui-1.3.2/jquery-1.8.0.min.js, line 2: NS_ERROR_NOT_INITIALIZED: 
[Child 13808, Chrome_ChildThread] WARNING: pipe error: 109: file z:/build/build/src/ipc/chromium/src/chrome/common/ipc_channel_win.cc, line 346
[Child 13808, Chrome_ChildThread] WARNING: pipe error: 109: file z:/build/build/src/ipc/chromium/src/chrome/common/ipc_channel_win.cc, line 346
Unable to read VR Path Registry from C:\Users\HG_LiZhe\AppData\Local\openvr\openvrpaths.vrpath
[Child 15356, Chrome_ChildThread] WARNING: pipe error: 109: file z:/build/build/src/ipc/chromium/src/chrome/common/ipc_channel_win.cc, line 346
[Child 15356, Chrome_ChildThread] WARNING: pipe error: 109: file z:/build/build/src/ipc/chromium/src/chrome/common/ipc_channel_win.cc, line 346
Unable to read VR Path Registry from C:\Users\HG_LiZhe\AppData\Local\openvr\openvrpaths.vrpath
[GPU 9332, Chrome_ChildThread] WARNING: pipe error: 109: file z:/build/build/src/ipc/chromium/src/chrome/common/ipc_channel_win.cc, line 346

###!!! [Child][MessageChannel::SendAndWait] Error: Channel error: cannot send/recv

Unable to read VR Path Registry from C:\Users\HG_LiZhe\AppData\Local\openvr\openvrpaths.vrpath
1515576962820	geckodriver	INFO	Listening on 127.0.0.1:55449
1515576964490	geckodriver::marionette	INFO	Starting browser C:\Program Files\Mozilla Firefox\firefox.exe with args ["-marionette"]
1515576965081	Marionette	INFO	Enabled via --marionette
Unable to read VR Path Registry from C:\Users\HG_LiZhe\AppData\Local\openvr\openvrpaths.vrpath
[Parent 9592, Gecko_IOThread] WARNING: pipe error: 109: file z:/build/build/src/ipc/chromium/src/chrome/common/ipc_channel_win.cc, line 346
Unable to read VR Path Registry from C:\Users\HG_LiZhe\AppData\Local\openvr\openvrpaths.vrpath
[Child 9296, Chrome_ChildThread] WARNING: pipe error: 109: file z:/build/build/src/ipc/chromium/src/chrome/common/ipc_channel_win.cc, line 346
[Child 9296, Chrome_ChildThread] WARNING: pipe error: 109: file z:/build/build/src/ipc/chromium/src/chrome/common/ipc_channel_win.cc, line 346
1515576966386	Marionette	INFO	Listening on port 55504
1515576966557	Marionette	WARN	TLS certificate errors will be ignored for this session
1515576966598	Marionette	DEBUG	Register listener.js for window 4294967297
1515576966617	Marionette	DEBUG	Received DOM event "beforeunload" for "about:blank"
1515576966700	Marionette	DEBUG	Received DOM event "pagehide" for "about:blank"
1515576966700	Marionette	DEBUG	Received DOM event "unload" for "about:blank"
1515576969524	Marionette	DEBUG	Received DOM event "DOMContentLoaded" for "http://v.globalwits.cn/Default.aspx?do=relogin"
1515576974093	Marionette	DEBUG	Received DOM event "pageshow" for "http://v.globalwits.cn/Default.aspx?do=relogin"
1515576974298	Marionette	DEBUG	Received DOM event "beforeunload" for "http://v.globalwits.cn/Default.aspx?do=relogin"
1515576974407	Marionette	DEBUG	Received DOM event "pagehide" for "http://v.globalwits.cn/Default.aspx?do=relogin"
1515576974407	Marionette	DEBUG	Received DOM event "unload" for "http://v.globalwits.cn/Default.aspx?do=relogin"
1515576975725	Marionette	DEBUG	Received DOM event "DOMContentLoaded" for "http://v.globalwits.cn/Main.aspx"
1515576975901	Marionette	DEBUG	Received DOM event "pageshow" for "http://v.globalwits.cn/Main.aspx"
1515576976124	Marionette	DEBUG	Canceled page load listener because no navigation has been detected
1515576976348	Marionette	DEBUG	Canceled page load listener because no navigation has been detected
IPDL protocol error: Handler returned error code!

###!!! [Parent][DispatchAsyncMessage] Error: PLayerTransaction::Msg_ReleaseLayer Processing error: message was deserialized, but the handler returned false (indicating failure)

IPDL protocol error: Handler returned error code!

###!!! [Parent][DispatchAsyncMessage] Error: PLayerTransaction::Msg_ReleaseLayer Processing error: message was deserialized, but the handler returned false (indicating failure)

IPDL protocol error: Handler returned error code!

###!!! [Parent][DispatchAsyncMessage] Error: PLayerTransaction::Msg_ReleaseLayer Processing error: message was deserialized, but the handler returned false (indicating failure)

IPDL protocol error: Handler returned error code!

###!!! [Parent][DispatchAsyncMessage] Error: PLayerTransaction::Msg_ReleaseLayer Processing error: message was deserialized, but the handler returned false (indicating failure)

IPDL protocol error: Handler returned error code!

###!!! [Parent][DispatchAsyncMessage] Error: PLayerTransaction::Msg_ReleaseLayer Processing error: message was deserialized, but the handler returned false (indicating failure)

IPDL protocol error: Handler returned error code!

###!!! [Parent][DispatchAsyncMessage] Error: PLayerTransaction::Msg_ReleaseLayer Processing error: message was deserialized, but the handler returned false (indicating failure)

IPDL protocol error: Handler returned error code!

###!!! [Parent][DispatchAsyncMessage] Error: PLayerTransaction::Msg_ReleaseLayer Processing error: message was deserialized, but the handler returned false (indicating failure)

IPDL protocol error: Handler returned error code!

###!!! [Parent][DispatchAsyncMessage] Error: PLayerTransaction::Msg_ReleaseLayer Processing error: message was deserialized, but the handler returned false (indicating failure)

IPDL protocol error: Handler returned error code!

###!!! [Parent][DispatchAsyncMessage] Error: PLayerTransaction::Msg_ReleaseLayer Processing error: message was deserialized, but the handler returned false (indicating failure)

IPDL protocol error: Handler returned error code!

###!!! [Parent][DispatchAsyncMessage] Error: PLayerTransaction::Msg_ReleaseLayer Processing error: message was deserialized, but the handler returned false (indicating failure)

Unable to read VR Path Registry from C:\Users\HG_LiZhe\AppData\Local\openvr\openvrpaths.vrpath
[Child 24600, Chrome_ChildThread] WARNING: pipe error: 109: file z:/build/build/src/ipc/chromium/src/chrome/common/ipc_channel_win.cc, line 346
[Child 24600, Chrome_ChildThread] WARNING: pipe error: 109: file z:/build/build/src/ipc/chromium/src/chrome/common/ipc_channel_win.cc, line 346
Unable to read VR Path Registry from C:\Users\HG_LiZhe\AppData\Local\openvr\openvrpaths.vrpath
[Child 13972, Chrome_ChildThread] WARNING: pipe error: 109: file z:/build/build/src/ipc/chromium/src/chrome/common/ipc_channel_win.cc, line 346
[Child 13972, Chrome_ChildThread] WARNING: pipe error: 109: file z:/build/build/src/ipc/chromium/src/chrome/common/ipc_channel_win.cc, line 346
Unable to read VR Path Registry from C:\Users\HG_LiZhe\AppData\Local\openvr\openvrpaths.vrpath
[GPU 19936, Chrome_ChildThread] WARNING: pipe error: 109: file z:/build/build/src/ipc/chromium/src/chrome/common/ipc_channel_win.cc, line 346

###!!! [Child][MessageChannel::SendAndWait] Error: Channel error: cannot send/recv

1515577056823	geckodriver	INFO	Listening on 127.0.0.1:57613
1515577058524	geckodriver::marionette	INFO	Starting browser C:\Program Files\Mozilla Firefox\firefox.exe with args ["-marionette"]
1515577059185	Marionette	INFO	Enabled via --marionette
Unable to read VR Path Registry from C:\Users\HG_LiZhe\AppData\Local\openvr\openvrpaths.vrpath
[Child 26216, Chrome_ChildThread] WARNING: pipe error: 109: file z:/build/build/src/ipc/chromium/src/chrome/common/ipc_channel_win.cc, line 346
[Child 26216, Chrome_ChildThread] WARNING: pipe error: 109: file z:/build/build/src/ipc/chromium/src/chrome/common/ipc_channel_win.cc, line 346
1515577060473	Marionette	INFO	Listening on port 57664
1515577060562	Marionette	WARN	TLS certificate errors will be ignored for this session
1515577060610	Marionette	DEBUG	Register listener.js for window 4294967297
1515577060684	Marionette	DEBUG	Received DOM event "beforeunload" for "about:blank"
1515577060777	Marionette	DEBUG	Received DOM event "pagehide" for "about:blank"
1515577060777	Marionette	DEBUG	Received DOM event "unload" for "about:blank"
1515577063126	Marionette	DEBUG	Received DOM event "DOMContentLoaded" for "http://v.globalwits.cn/Default.aspx?do=relogin"
1515577065206	Marionette	DEBUG	Received DOM event "pageshow" for "http://v.globalwits.cn/Default.aspx?do=relogin"
1515577065376	Marionette	DEBUG	Received DOM event "beforeunload" for "http://v.globalwits.cn/Default.aspx?do=relogin"
1515577065499	Marionette	DEBUG	Received DOM event "pagehide" for "http://v.globalwits.cn/Default.aspx?do=relogin"
1515577065499	Marionette	DEBUG	Received DOM event "unload" for "http://v.globalwits.cn/Default.aspx?do=relogin"
1515577066225	Marionette	DEBUG	Received DOM event "DOMContentLoaded" for "http://v.globalwits.cn/Main.aspx"
1515577067008	Marionette	DEBUG	Received DOM event "pageshow" for "http://v.globalwits.cn/Main.aspx"
1515577067240	Marionette	DEBUG	Canceled page load listener because no navigation has been detected
Unable to read VR Path Registry from C:\Users\HG_LiZhe\AppData\Local\openvr\openvrpaths.vrpath
[Child 26392, Chrome_ChildThread] WARNING: pipe error: 109: file z:/build/build/src/ipc/chromium/src/chrome/common/ipc_channel_win.cc, line 346
[Child 26392, Chrome_ChildThread] WARNING: pipe error: 109: file z:/build/build/src/ipc/chromium/src/chrome/common/ipc_channel_win.cc, line 346
Unable to read VR Path Registry from C:\Users\HG_LiZhe\AppData\Local\openvr\openvrpaths.vrpath
[Child 6888, Chrome_ChildThread] WARNING: pipe error: 109: file z:/build/build/src/ipc/chromium/src/chrome/common/ipc_channel_win.cc, line 346
[Child 6888, Chrome_ChildThread] WARNING: pipe error: 109: file z:/build/build/src/ipc/chromium/src/chrome/common/ipc_channel_win.cc, line 346
*** UTM:SVC TimerManager:registerTimer called after profile-before-change notification. Ignoring timer registration for id: telemetry_modules_ping
Unable to read VR Path Registry from C:\Users\HG_LiZhe\AppData\Local\openvr\openvrpaths.vrpath
[GPU 26124, Chrome_ChildThread] WARNING: pipe error: 109: file z:/build/build/src/ipc/chromium/src/chrome/common/ipc_channel_win.cc, line 346

###!!! [Child][MessageChannel::SendAndWait] Error: Channel error: cannot send/recv

Unable to read VR Path Registry from C:\Users\HG_LiZhe\AppData\Local\openvr\openvrpaths.vrpath
